#
# There is insufficient memory for the Java Runtime Environment to continue.
# Native memory allocation (mmap) failed to map 65536 bytes for Failed to commit metaspace.
# Possible reasons:
#   The system is out of physical RAM or swap space
#   The process is running with CompressedOops enabled, and the Java Heap may be blocking the growth of the native heap
# Possible solutions:
#   Reduce memory load on the system
#   Increase physical memory or swap space
#   Check if swap backing store is full
#   Decrease Java heap size (-Xmx/-Xms)
#   Decrease number of Java threads
#   Decrease Java thread stack sizes (-Xss)
#   Set larger code cache with -XX:ReservedCodeCacheSize=
#   JVM is running with Unscaled Compressed Oops mode in which the Java heap is
#     placed in the first 4GB address space. The Java Heap base address is the
#     maximum limit for the native heap growth. Please use -XX:HeapBaseMinAddress
#     to set the Java Heap base and to place the Java Heap above 4GB virtual address.
# This output file may be truncated or incomplete.
#
#  Out of Memory Error (virtualSpaceNode.cpp:110), pid=25716, tid=25772
#
# JRE version: OpenJDK Runtime Environment Temurin-18.0.1+10 (18.0.1+10) (build 18.0.1+10)
# Java VM: OpenJDK 64-Bit Server VM Temurin-18.0.1+10 (18.0.1+10, mixed mode, tiered, compressed oops, compressed class ptrs, g1 gc, windows-amd64)
# No core dump will be written. Minidumps are not enabled by default on client versions of Windows
#

---------------  S U M M A R Y ------------

Command Line: -Dfile.encoding=UTF-8 -XX:+ShowCodeDetailsInExceptionMessages com.prince.AddEmployee

Host: AMD Ryzen 5 3500U with Radeon Vega Mobile Gfx  , 8 cores, 5G,  Windows 11 , 64 bit Build 22621 (10.0.22621.3527)
Time: Fri May 17 18:56:11 2024 India Standard Time elapsed time: 0.782836 seconds (0d 0h 0m 0s)

---------------  T H R E A D  ---------------

Current thread (0x0000018f2b213d80):  JavaThread "main" [_thread_in_vm, id=25772, stack(0x0000006618300000,0x0000006618400000)]

Stack: [0x0000006618300000,0x0000006618400000]
Native frames: (J=compiled Java code, j=interpreted, Vv=VM code, C=native code)
V  [jvm.dll+0x69cd4a]
V  [jvm.dll+0x84b63d]
V  [jvm.dll+0x84cf4e]
V  [jvm.dll+0x84d603]
V  [jvm.dll+0x25f19f]
V  [jvm.dll+0x84734b]
V  [jvm.dll+0x641d76]
V  [jvm.dll+0x641dda]
V  [jvm.dll+0x64466e]
V  [jvm.dll+0x64452e]
V  [jvm.dll+0x64273e]
V  [jvm.dll+0x254b96]
V  [jvm.dll+0x204f6d]
V  [jvm.dll+0x1fa981]
V  [jvm.dll+0x560b45]
V  [jvm.dll+0x20b847]
V  [jvm.dll+0x7c4d7d]
V  [jvm.dll+0x7c60b6]
V  [jvm.dll+0x7c63e8]
V  [jvm.dll+0x257436]
V  [jvm.dll+0x3a3c7e]
C  0x0000018f300cb6ce

Java frames: (J=compiled Java code, j=interpreted, Vv=VM code)
j  javax.swing.UIManager.setLookAndFeel(Ljava/lang/String;)V+9 java.desktop@18.0.1
j  javax.swing.UIManager.initializeDefaultLAF(Ljava/util/Properties;)V+58 java.desktop@18.0.1
j  javax.swing.UIManager.initialize()V+9 java.desktop@18.0.1
j  javax.swing.UIManager.maybeInitialize()V+22 java.desktop@18.0.1
j  javax.swing.UIManager.getUI(Ljavax/swing/JComponent;)Ljavax/swing/plaf/ComponentUI;+0 java.desktop@18.0.1
j  javax.swing.JPanel.updateUI()V+2 java.desktop@18.0.1
j  javax.swing.JPanel.<init>(Ljava/awt/LayoutManager;Z)V+24 java.desktop@18.0.1
j  javax.swing.JPanel.<init>(Z)V+9 java.desktop@18.0.1
j  javax.swing.JPanel.<init>()V+2 java.desktop@18.0.1
j  javax.swing.JRootPane.createGlassPane()Ljava/awt/Component;+4 java.desktop@18.0.1
j  javax.swing.JRootPane.<init>()V+11 java.desktop@18.0.1
j  javax.swing.JFrame.createRootPane()Ljavax/swing/JRootPane;+4 java.desktop@18.0.1
j  javax.swing.JFrame.frameInit()V+16 java.desktop@18.0.1
j  javax.swing.JFrame.<init>()V+20 java.desktop@18.0.1
j  com.prince.AddEmployee.<init>()V+1
j  com.prince.AddEmployee.main([Ljava/lang/String;)V+3
v  ~StubRoutines::call_stub

---------------  P R O C E S S  ---------------

Threads class SMR info:
_java_thread_list=0x0000018f4a600d30, length=15, elements={
0x0000018f2b213d80, 0x0000018f457bc010, 0x0000018f457bdf00, 0x0000018f4a027010,
0x0000018f4a0278c0, 0x0000018f4a028260, 0x0000018f4a02c100, 0x0000018f4a02cdd0,
0x0000018f4a038be0, 0x0000018f4a041d90, 0x0000018f4a1bbf40, 0x0000018f4a1caab0,
0x0000018f4a5cfe40, 0x0000018f4a6126f0, 0x0000018f4a615670
}

Java Threads: ( => current thread )
=>0x0000018f2b213d80 JavaThread "main" [_thread_in_vm, id=25772, stack(0x0000006618300000,0x0000006618400000)]
  0x0000018f457bc010 JavaThread "Reference Handler" daemon [_thread_blocked, id=25808, stack(0x0000006618a00000,0x0000006618b00000)]
  0x0000018f457bdf00 JavaThread "Finalizer" daemon [_thread_blocked, id=25812, stack(0x0000006618b00000,0x0000006618c00000)]
  0x0000018f4a027010 JavaThread "Signal Dispatcher" daemon [_thread_blocked, id=25816, stack(0x0000006618c00000,0x0000006618d00000)]
  0x0000018f4a0278c0 JavaThread "Attach Listener" daemon [_thread_blocked, id=25820, stack(0x0000006618d00000,0x0000006618e00000)]
  0x0000018f4a028260 JavaThread "Service Thread" daemon [_thread_blocked, id=25824, stack(0x0000006618e00000,0x0000006618f00000)]
  0x0000018f4a02c100 JavaThread "Monitor Deflation Thread" daemon [_thread_blocked, id=25828, stack(0x0000006618f00000,0x0000006619000000)]
  0x0000018f4a02cdd0 JavaThread "C2 CompilerThread0" daemon [_thread_blocked, id=25832, stack(0x0000006619000000,0x0000006619100000)]
  0x0000018f4a038be0 JavaThread "C1 CompilerThread0" daemon [_thread_in_vm, id=25836, stack(0x0000006619100000,0x0000006619200000)]
  0x0000018f4a041d90 JavaThread "Sweeper thread" daemon [_thread_blocked, id=25840, stack(0x0000006619200000,0x0000006619300000)]
  0x0000018f4a1bbf40 JavaThread "Notification Thread" daemon [_thread_blocked, id=25844, stack(0x0000006619300000,0x0000006619400000)]
  0x0000018f4a1caab0 JavaThread "Common-Cleaner" daemon [_thread_blocked, id=25852, stack(0x0000006619500000,0x0000006619600000)]
  0x0000018f4a5cfe40 JavaThread "Java2D Disposer" daemon [_thread_blocked, id=25864, stack(0x0000006619600000,0x0000006619700000)]
  0x0000018f4a6126f0 JavaThread "AWT-Shutdown" [_thread_blocked, id=25868, stack(0x0000006619700000,0x0000006619800000)]
  0x0000018f4a615670 JavaThread "AWT-Windows" daemon [_thread_in_native, id=25872, stack(0x0000006619800000,0x0000006619900000)]

Other Threads:
  0x0000018f457a7420 VMThread "VM Thread" [stack: 0x0000006618900000,0x0000006618a00000] [id=25796]
  0x0000018f4a1bc810 WatcherThread "VM Periodic Task Thread" [stack: 0x0000006619400000,0x0000006619500000] [id=25848]
  0x0000018f2b267710 WorkerThread "GC Thread#0" [stack: 0x0000006618400000,0x0000006618500000] [id=25776]
  0x0000018f2b292150 ConcurrentGCThread "G1 Main Marker" [stack: 0x0000006618500000,0x0000006618600000] [id=25780]
  0x0000018f2b292b40 WorkerThread "G1 Conc#0" [stack: 0x0000006618600000,0x0000006618700000] [id=25784]
  0x0000018f2b2b97d0 ConcurrentGCThread "G1 Refine#0" [stack: 0x0000006618700000,0x0000006618800000] [id=25788]
  0x0000018f2b2ba0e0 ConcurrentGCThread "G1 Service" [stack: 0x0000006618800000,0x0000006618900000] [id=25792]

Threads with active compile tasks:
C1 CompilerThread0      834  347       3       java.lang.StringConcatHelper::prepend (37 bytes)

VM state: not at safepoint (normal execution)

VM Mutex/Monitor currently owned by a thread:  ([mutex/lock_event])
[0x0000018f2b20cce0] Metaspace_lock - owner thread: 0x0000018f2b213d80
[0x0000018f2b20faf0] MethodData_lock - owner thread: 0x0000018f4a038be0

Heap address: 0x00000000a1c00000, size: 1508 MB, Compressed Oops mode: 32-bit

CDS archive(s) not mapped
Compressed class space mapped at: 0x0000000100000000-0x0000000140000000, reserved size: 1073741824
Narrow klass base: 0x0000000000000000, Narrow klass shift: 3, Narrow klass range: 0x140000000

GC Precious Log:
 CardTable entry size: 512
 Card Set container configuration: InlinePtr #cards 5 size 8 Array Of Cards #cards 12 size 40 Howl #buckets 4 coarsen threshold 1843 Howl Bitmap #cards 512 size 80 coarsen threshold 460 Card regions per heap region 1 cards per card region 2048
 CPUs: 8 total, 8 available
 Memory: 6030M
 Large Page Support: Disabled
 NUMA Support: Disabled
 Compressed Oops: Enabled (32-bit)
 Heap Region Size: 1M
 Heap Min Capacity: 8M
 Heap Initial Capacity: 96M
 Heap Max Capacity: 1508M
 Pre-touch: Disabled
 Parallel Workers: 8
 Concurrent Workers: 2
 Concurrent Refinement Workers: 8
 Periodic GC: Disabled

Heap:
 garbage-first heap   total 98304K, used 3072K [0x00000000a1c00000, 0x0000000100000000)
  region size 1024K, 4 young (4096K), 0 survivors (0K)
 Metaspace       used 9689K, committed 9856K, reserved 1114112K
  class space    used 863K, committed 960K, reserved 1048576K

Heap Regions: E=young(eden), S=young(survivor), O=old, HS=humongous(starts), HC=humongous(continues), CS=collection set, F=free, OA=open archive, CA=closed archive, TAMS=top-at-mark-start (previous, next)
|   0|0x00000000a1c00000, 0x00000000a1c00000, 0x00000000a1d00000|  0%| F|  |TAMS 0x00000000a1c00000, 0x00000000a1c00000| Untracked 
|   1|0x00000000a1d00000, 0x00000000a1d00000, 0x00000000a1e00000|  0%| F|  |TAMS 0x00000000a1d00000, 0x00000000a1d00000| Untracked 
|   2|0x00000000a1e00000, 0x00000000a1e00000, 0x00000000a1f00000|  0%| F|  |TAMS 0x00000000a1e00000, 0x00000000a1e00000| Untracked 
|   3|0x00000000a1f00000, 0x00000000a1f00000, 0x00000000a2000000|  0%| F|  |TAMS 0x00000000a1f00000, 0x00000000a1f00000| Untracked 
|   4|0x00000000a2000000, 0x00000000a2000000, 0x00000000a2100000|  0%| F|  |TAMS 0x00000000a2000000, 0x00000000a2000000| Untracked 
|   5|0x00000000a2100000, 0x00000000a2100000, 0x00000000a2200000|  0%| F|  |TAMS 0x00000000a2100000, 0x00000000a2100000| Untracked 
|   6|0x00000000a2200000, 0x00000000a2200000, 0x00000000a2300000|  0%| F|  |TAMS 0x00000000a2200000, 0x00000000a2200000| Untracked 
|   7|0x00000000a2300000, 0x00000000a2300000, 0x00000000a2400000|  0%| F|  |TAMS 0x00000000a2300000, 0x00000000a2300000| Untracked 
|   8|0x00000000a2400000, 0x00000000a2400000, 0x00000000a2500000|  0%| F|  |TAMS 0x00000000a2400000, 0x00000000a2400000| Untracked 
|   9|0x00000000a2500000, 0x00000000a2500000, 0x00000000a2600000|  0%| F|  |TAMS 0x00000000a2500000, 0x00000000a2500000| Untracked 
|  10|0x00000000a2600000, 0x00000000a2600000, 0x00000000a2700000|  0%| F|  |TAMS 0x00000000a2600000, 0x00000000a2600000| Untracked 
|  11|0x00000000a2700000, 0x00000000a2700000, 0x00000000a2800000|  0%| F|  |TAMS 0x00000000a2700000, 0x00000000a2700000| Untracked 
|  12|0x00000000a2800000, 0x00000000a2800000, 0x00000000a2900000|  0%| F|  |TAMS 0x00000000a2800000, 0x00000000a2800000| Untracked 
|  13|0x00000000a2900000, 0x00000000a2900000, 0x00000000a2a00000|  0%| F|  |TAMS 0x00000000a2900000, 0x00000000a2900000| Untracked 
|  14|0x00000000a2a00000, 0x00000000a2a00000, 0x00000000a2b00000|  0%| F|  |TAMS 0x00000000a2a00000, 0x00000000a2a00000| Untracked 
|  15|0x00000000a2b00000, 0x00000000a2b00000, 0x00000000a2c00000|  0%| F|  |TAMS 0x00000000a2b00000, 0x00000000a2b00000| Untracked 
|  16|0x00000000a2c00000, 0x00000000a2c00000, 0x00000000a2d00000|  0%| F|  |TAMS 0x00000000a2c00000, 0x00000000a2c00000| Untracked 
|  17|0x00000000a2d00000, 0x00000000a2d00000, 0x00000000a2e00000|  0%| F|  |TAMS 0x00000000a2d00000, 0x00000000a2d00000| Untracked 
|  18|0x00000000a2e00000, 0x00000000a2e00000, 0x00000000a2f00000|  0%| F|  |TAMS 0x00000000a2e00000, 0x00000000a2e00000| Untracked 
|  19|0x00000000a2f00000, 0x00000000a2f00000, 0x00000000a3000000|  0%| F|  |TAMS 0x00000000a2f00000, 0x00000000a2f00000| Untracked 
|  20|0x00000000a3000000, 0x00000000a3000000, 0x00000000a3100000|  0%| F|  |TAMS 0x00000000a3000000, 0x00000000a3000000| Untracked 
|  21|0x00000000a3100000, 0x00000000a3100000, 0x00000000a3200000|  0%| F|  |TAMS 0x00000000a3100000, 0x00000000a3100000| Untracked 
|  22|0x00000000a3200000, 0x00000000a3200000, 0x00000000a3300000|  0%| F|  |TAMS 0x00000000a3200000, 0x00000000a3200000| Untracked 
|  23|0x00000000a3300000, 0x00000000a3300000, 0x00000000a3400000|  0%| F|  |TAMS 0x00000000a3300000, 0x00000000a3300000| Untracked 
|  24|0x00000000a3400000, 0x00000000a3400000, 0x00000000a3500000|  0%| F|  |TAMS 0x00000000a3400000, 0x00000000a3400000| Untracked 
|  25|0x00000000a3500000, 0x00000000a3500000, 0x00000000a3600000|  0%| F|  |TAMS 0x00000000a3500000, 0x00000000a3500000| Untracked 
|  26|0x00000000a3600000, 0x00000000a3600000, 0x00000000a3700000|  0%| F|  |TAMS 0x00000000a3600000, 0x00000000a3600000| Untracked 
|  27|0x00000000a3700000, 0x00000000a3700000, 0x00000000a3800000|  0%| F|  |TAMS 0x00000000a3700000, 0x00000000a3700000| Untracked 
|  28|0x00000000a3800000, 0x00000000a3800000, 0x00000000a3900000|  0%| F|  |TAMS 0x00000000a3800000, 0x00000000a3800000| Untracked 
|  29|0x00000000a3900000, 0x00000000a3900000, 0x00000000a3a00000|  0%| F|  |TAMS 0x00000000a3900000, 0x00000000a3900000| Untracked 
|  30|0x00000000a3a00000, 0x00000000a3a00000, 0x00000000a3b00000|  0%| F|  |TAMS 0x00000000a3a00000, 0x00000000a3a00000| Untracked 
|  31|0x00000000a3b00000, 0x00000000a3b00000, 0x00000000a3c00000|  0%| F|  |TAMS 0x00000000a3b00000, 0x00000000a3b00000| Untracked 
|  32|0x00000000a3c00000, 0x00000000a3c00000, 0x00000000a3d00000|  0%| F|  |TAMS 0x00000000a3c00000, 0x00000000a3c00000| Untracked 
|  33|0x00000000a3d00000, 0x00000000a3d00000, 0x00000000a3e00000|  0%| F|  |TAMS 0x00000000a3d00000, 0x00000000a3d00000| Untracked 
|  34|0x00000000a3e00000, 0x00000000a3e00000, 0x00000000a3f00000|  0%| F|  |TAMS 0x00000000a3e00000, 0x00000000a3e00000| Untracked 
|  35|0x00000000a3f00000, 0x00000000a3f00000, 0x00000000a4000000|  0%| F|  |TAMS 0x00000000a3f00000, 0x00000000a3f00000| Untracked 
|  36|0x00000000a4000000, 0x00000000a4000000, 0x00000000a4100000|  0%| F|  |TAMS 0x00000000a4000000, 0x00000000a4000000| Untracked 
|  37|0x00000000a4100000, 0x00000000a4100000, 0x00000000a4200000|  0%| F|  |TAMS 0x00000000a4100000, 0x00000000a4100000| Untracked 
|  38|0x00000000a4200000, 0x00000000a4200000, 0x00000000a4300000|  0%| F|  |TAMS 0x00000000a4200000, 0x00000000a4200000| Untracked 
|  39|0x00000000a4300000, 0x00000000a4300000, 0x00000000a4400000|  0%| F|  |TAMS 0x00000000a4300000, 0x00000000a4300000| Untracked 
|  40|0x00000000a4400000, 0x00000000a4400000, 0x00000000a4500000|  0%| F|  |TAMS 0x00000000a4400000, 0x00000000a4400000| Untracked 
|  41|0x00000000a4500000, 0x00000000a4500000, 0x00000000a4600000|  0%| F|  |TAMS 0x00000000a4500000, 0x00000000a4500000| Untracked 
|  42|0x00000000a4600000, 0x00000000a4600000, 0x00000000a4700000|  0%| F|  |TAMS 0x00000000a4600000, 0x00000000a4600000| Untracked 
|  43|0x00000000a4700000, 0x00000000a4700000, 0x00000000a4800000|  0%| F|  |TAMS 0x00000000a4700000, 0x00000000a4700000| Untracked 
|  44|0x00000000a4800000, 0x00000000a4800000, 0x00000000a4900000|  0%| F|  |TAMS 0x00000000a4800000, 0x00000000a4800000| Untracked 
|  45|0x00000000a4900000, 0x00000000a4900000, 0x00000000a4a00000|  0%| F|  |TAMS 0x00000000a4900000, 0x00000000a4900000| Untracked 
|  46|0x00000000a4a00000, 0x00000000a4a00000, 0x00000000a4b00000|  0%| F|  |TAMS 0x00000000a4a00000, 0x00000000a4a00000| Untracked 
|  47|0x00000000a4b00000, 0x00000000a4b00000, 0x00000000a4c00000|  0%| F|  |TAMS 0x00000000a4b00000, 0x00000000a4b00000| Untracked 
|  48|0x00000000a4c00000, 0x00000000a4c00000, 0x00000000a4d00000|  0%| F|  |TAMS 0x00000000a4c00000, 0x00000000a4c00000| Untracked 
|  49|0x00000000a4d00000, 0x00000000a4d00000, 0x00000000a4e00000|  0%| F|  |TAMS 0x00000000a4d00000, 0x00000000a4d00000| Untracked 
|  50|0x00000000a4e00000, 0x00000000a4e00000, 0x00000000a4f00000|  0%| F|  |TAMS 0x00000000a4e00000, 0x00000000a4e00000| Untracked 
|  51|0x00000000a4f00000, 0x00000000a4f00000, 0x00000000a5000000|  0%| F|  |TAMS 0x00000000a4f00000, 0x00000000a4f00000| Untracked 
|  52|0x00000000a5000000, 0x00000000a5000000, 0x00000000a5100000|  0%| F|  |TAMS 0x00000000a5000000, 0x00000000a5000000| Untracked 
|  53|0x00000000a5100000, 0x00000000a5100000, 0x00000000a5200000|  0%| F|  |TAMS 0x00000000a5100000, 0x00000000a5100000| Untracked 
|  54|0x00000000a5200000, 0x00000000a5200000, 0x00000000a5300000|  0%| F|  |TAMS 0x00000000a5200000, 0x00000000a5200000| Untracked 
|  55|0x00000000a5300000, 0x00000000a5300000, 0x00000000a5400000|  0%| F|  |TAMS 0x00000000a5300000, 0x00000000a5300000| Untracked 
|  56|0x00000000a5400000, 0x00000000a5400000, 0x00000000a5500000|  0%| F|  |TAMS 0x00000000a5400000, 0x00000000a5400000| Untracked 
|  57|0x00000000a5500000, 0x00000000a5500000, 0x00000000a5600000|  0%| F|  |TAMS 0x00000000a5500000, 0x00000000a5500000| Untracked 
|  58|0x00000000a5600000, 0x00000000a5600000, 0x00000000a5700000|  0%| F|  |TAMS 0x00000000a5600000, 0x00000000a5600000| Untracked 
|  59|0x00000000a5700000, 0x00000000a5700000, 0x00000000a5800000|  0%| F|  |TAMS 0x00000000a5700000, 0x00000000a5700000| Untracked 
|  60|0x00000000a5800000, 0x00000000a5800000, 0x00000000a5900000|  0%| F|  |TAMS 0x00000000a5800000, 0x00000000a5800000| Untracked 
|  61|0x00000000a5900000, 0x00000000a5900000, 0x00000000a5a00000|  0%| F|  |TAMS 0x00000000a5900000, 0x00000000a5900000| Untracked 
|  62|0x00000000a5a00000, 0x00000000a5a00000, 0x00000000a5b00000|  0%| F|  |TAMS 0x00000000a5a00000, 0x00000000a5a00000| Untracked 
|  63|0x00000000a5b00000, 0x00000000a5b00000, 0x00000000a5c00000|  0%| F|  |TAMS 0x00000000a5b00000, 0x00000000a5b00000| Untracked 
|  64|0x00000000a5c00000, 0x00000000a5c00000, 0x00000000a5d00000|  0%| F|  |TAMS 0x00000000a5c00000, 0x00000000a5c00000| Untracked 
|  65|0x00000000a5d00000, 0x00000000a5d00000, 0x00000000a5e00000|  0%| F|  |TAMS 0x00000000a5d00000, 0x00000000a5d00000| Untracked 
|  66|0x00000000a5e00000, 0x00000000a5e00000, 0x00000000a5f00000|  0%| F|  |TAMS 0x00000000a5e00000, 0x00000000a5e00000| Untracked 
|  67|0x00000000a5f00000, 0x00000000a5f00000, 0x00000000a6000000|  0%| F|  |TAMS 0x00000000a5f00000, 0x00000000a5f00000| Untracked 
|  68|0x00000000a6000000, 0x00000000a6000000, 0x00000000a6100000|  0%| F|  |TAMS 0x00000000a6000000, 0x00000000a6000000| Untracked 
|  69|0x00000000a6100000, 0x00000000a6100000, 0x00000000a6200000|  0%| F|  |TAMS 0x00000000a6100000, 0x00000000a6100000| Untracked 
|  70|0x00000000a6200000, 0x00000000a6200000, 0x00000000a6300000|  0%| F|  |TAMS 0x00000000a6200000, 0x00000000a6200000| Untracked 
|  71|0x00000000a6300000, 0x00000000a6300000, 0x00000000a6400000|  0%| F|  |TAMS 0x00000000a6300000, 0x00000000a6300000| Untracked 
|  72|0x00000000a6400000, 0x00000000a6400000, 0x00000000a6500000|  0%| F|  |TAMS 0x00000000a6400000, 0x00000000a6400000| Untracked 
|  73|0x00000000a6500000, 0x00000000a6500000, 0x00000000a6600000|  0%| F|  |TAMS 0x00000000a6500000, 0x00000000a6500000| Untracked 
|  74|0x00000000a6600000, 0x00000000a6600000, 0x00000000a6700000|  0%| F|  |TAMS 0x00000000a6600000, 0x00000000a6600000| Untracked 
|  75|0x00000000a6700000, 0x00000000a6700000, 0x00000000a6800000|  0%| F|  |TAMS 0x00000000a6700000, 0x00000000a6700000| Untracked 
|  76|0x00000000a6800000, 0x00000000a6800000, 0x00000000a6900000|  0%| F|  |TAMS 0x00000000a6800000, 0x00000000a6800000| Untracked 
|  77|0x00000000a6900000, 0x00000000a6900000, 0x00000000a6a00000|  0%| F|  |TAMS 0x00000000a6900000, 0x00000000a6900000| Untracked 
|  78|0x00000000a6a00000, 0x00000000a6a00000, 0x00000000a6b00000|  0%| F|  |TAMS 0x00000000a6a00000, 0x00000000a6a00000| Untracked 
|  79|0x00000000a6b00000, 0x00000000a6b00000, 0x00000000a6c00000|  0%| F|  |TAMS 0x00000000a6b00000, 0x00000000a6b00000| Untracked 
|  80|0x00000000a6c00000, 0x00000000a6c00000, 0x00000000a6d00000|  0%| F|  |TAMS 0x00000000a6c00000, 0x00000000a6c00000| Untracked 
|  81|0x00000000a6d00000, 0x00000000a6d00000, 0x00000000a6e00000|  0%| F|  |TAMS 0x00000000a6d00000, 0x00000000a6d00000| Untracked 
|  82|0x00000000a6e00000, 0x00000000a6e00000, 0x00000000a6f00000|  0%| F|  |TAMS 0x00000000a6e00000, 0x00000000a6e00000| Untracked 
|  83|0x00000000a6f00000, 0x00000000a6f00000, 0x00000000a7000000|  0%| F|  |TAMS 0x00000000a6f00000, 0x00000000a6f00000| Untracked 
|  84|0x00000000a7000000, 0x00000000a7000000, 0x00000000a7100000|  0%| F|  |TAMS 0x00000000a7000000, 0x00000000a7000000| Untracked 
|  85|0x00000000a7100000, 0x00000000a7100000, 0x00000000a7200000|  0%| F|  |TAMS 0x00000000a7100000, 0x00000000a7100000| Untracked 
|  86|0x00000000a7200000, 0x00000000a7200000, 0x00000000a7300000|  0%| F|  |TAMS 0x00000000a7200000, 0x00000000a7200000| Untracked 
|  87|0x00000000a7300000, 0x00000000a7300000, 0x00000000a7400000|  0%| F|  |TAMS 0x00000000a7300000, 0x00000000a7300000| Untracked 
|  88|0x00000000a7400000, 0x00000000a7400000, 0x00000000a7500000|  0%| F|  |TAMS 0x00000000a7400000, 0x00000000a7400000| Untracked 
|  89|0x00000000a7500000, 0x00000000a7500000, 0x00000000a7600000|  0%| F|  |TAMS 0x00000000a7500000, 0x00000000a7500000| Untracked 
|  90|0x00000000a7600000, 0x00000000a7600000, 0x00000000a7700000|  0%| F|  |TAMS 0x00000000a7600000, 0x00000000a7600000| Untracked 
|  91|0x00000000a7700000, 0x00000000a7700000, 0x00000000a7800000|  0%| F|  |TAMS 0x00000000a7700000, 0x00000000a7700000| Untracked 
|  92|0x00000000a7800000, 0x00000000a7876448, 0x00000000a7900000| 46%| E|  |TAMS 0x00000000a7800000, 0x00000000a7800000| Complete 
|  93|0x00000000a7900000, 0x00000000a7a00000, 0x00000000a7a00000|100%| E|CS|TAMS 0x00000000a7900000, 0x00000000a7900000| Complete 
|  94|0x00000000a7a00000, 0x00000000a7b00000, 0x00000000a7b00000|100%| E|CS|TAMS 0x00000000a7a00000, 0x00000000a7a00000| Complete 
|  95|0x00000000a7b00000, 0x00000000a7c00000, 0x00000000a7c00000|100%| E|CS|TAMS 0x00000000a7b00000, 0x00000000a7b00000| Complete 

Card table byte_map: [0x0000018f3fe20000,0x0000018f40120000] _byte_map_base: 0x0000018f3f912000

Marking Bits (Prev, Next): (CMBitMap*) 0x0000018f2b267d10, (CMBitMap*) 0x0000018f2b267d50
 Prev Bits: [0x0000018f40420000, 0x0000018f41bb0000)
 Next Bits: [0x0000018f41bb0000, 0x0000018f43340000)

Polling page: 0x0000018f2b0c0000

Metaspace:

Usage:
  Non-class:      8.62 MB used.
      Class:    863.80 KB used.
       Both:      9.46 MB used.

Virtual space:
  Non-class space:       64.00 MB reserved,       8.69 MB ( 14%) committed,  1 nodes.
      Class space:        1.00 GB reserved,     960.00 KB ( <1%) committed,  1 nodes.
             Both:        1.06 GB reserved,       9.62 MB ( <1%) committed. 

Chunk freelists:
   Non-Class:  2.98 MB
       Class:  3.09 MB
        Both:  6.08 MB

MaxMetaspaceSize: unlimited
CompressedClassSpaceSize: 1.00 GB
Initial GC threshold: 21.00 MB
Current GC threshold: 21.00 MB
CDS: off
MetaspaceReclaimPolicy: balanced
 - commit_granule_bytes: 65536.
 - commit_granule_words: 8192.
 - virtual_space_node_default_size: 8388608.
 - enlarge_chunks_in_place: 1.
 - new_chunks_are_fully_committed: 0.
 - uncommit_free_chunks: 1.
 - use_allocation_guard: 0.


Internal statistics:

num_allocs_failed_limit: 0.
num_arena_births: 76.
num_arena_deaths: 0.
num_vsnodes_births: 2.
num_vsnodes_deaths: 0.
num_space_committed: 154.
num_space_uncommitted: 0.
num_chunks_returned_to_freelist: 0.
num_chunks_taken_from_freelist: 111.
num_chunk_merges: 0.
num_chunk_splits: 60.
num_chunks_enlarged: 28.
num_inconsistent_stats: 0.

CodeHeap 'non-profiled nmethods': size=120000Kb used=101Kb max_used=101Kb free=119899Kb
 bounds [0x0000018f37b80000, 0x0000018f37df0000, 0x0000018f3f0b0000]
CodeHeap 'profiled nmethods': size=120000Kb used=466Kb max_used=466Kb free=119533Kb
 bounds [0x0000018f30650000, 0x0000018f308c0000, 0x0000018f37b80000]
CodeHeap 'non-nmethods': size=5760Kb used=1190Kb max_used=1201Kb free=4569Kb
 bounds [0x0000018f300b0000, 0x0000018f30320000, 0x0000018f30650000]
 total_blobs=828 nmethods=347 adapters=394
 compilation: enabled
              stopped_count=0, restarted_count=0
 full_count=0

Compilation events (20 events):
Event: 0.768 Thread 0x0000018f4a038be0 nmethod 338 0x0000018f37b98b10 code [0x0000018f37b98ca0, 0x0000018f37b98d78]
Event: 0.768 Thread 0x0000018f4a038be0  339       1       java.util.HashMap$Node::getValue (5 bytes)
Event: 0.768 Thread 0x0000018f4a038be0 nmethod 339 0x0000018f37b98e10 code [0x0000018f37b98fa0, 0x0000018f37b99078]
Event: 0.769 Thread 0x0000018f4a038be0  340       3       java.util.HashMap$HashIterator::hasNext (13 bytes)
Event: 0.769 Thread 0x0000018f4a038be0 nmethod 340 0x0000018f306c1f10 code [0x0000018f306c20a0, 0x0000018f306c2218]
Event: 0.769 Thread 0x0000018f4a038be0  342       3       java.util.HashMap$HashIterator::nextNode (100 bytes)
Event: 0.769 Thread 0x0000018f4a038be0 nmethod 342 0x0000018f306c2290 code [0x0000018f306c2480, 0x0000018f306c29b8]
Event: 0.769 Thread 0x0000018f4a038be0  341       3       java.util.AbstractSet::<init> (5 bytes)
Event: 0.770 Thread 0x0000018f4a038be0 nmethod 341 0x0000018f306c2b90 code [0x0000018f306c2d40, 0x0000018f306c2ef8]
Event: 0.770 Thread 0x0000018f4a038be0  343       3       java.util.HashSet::add (20 bytes)
Event: 0.770 Thread 0x0000018f4a038be0 nmethod 343 0x0000018f306c3010 code [0x0000018f306c31c0, 0x0000018f306c3388]
Event: 0.770 Thread 0x0000018f4a038be0  344       1       java.util.concurrent.atomic.AtomicInteger::get (5 bytes)
Event: 0.770 Thread 0x0000018f4a038be0 nmethod 344 0x0000018f37b99110 code [0x0000018f37b992a0, 0x0000018f37b99378]
Event: 0.770 Thread 0x0000018f4a038be0  345       3       java.util.IdentityHashMap$IdentityHashMapIterator::hasNext (50 bytes)
Event: 0.770 Thread 0x0000018f4a038be0 nmethod 345 0x0000018f306c3490 code [0x0000018f306c3640, 0x0000018f306c3898]
Event: 0.775 Thread 0x0000018f4a038be0  346       3       java.util.ImmutableCollections$List12::size (16 bytes)
Event: 0.775 Thread 0x0000018f4a038be0 nmethod 346 0x0000018f306c3990 code [0x0000018f306c3b20, 0x0000018f306c3cb8]
Event: 0.775 Thread 0x0000018f4a038be0  348       3       sun.awt.AppContext::getAppContext (51 bytes)
Event: 0.777 Thread 0x0000018f4a038be0 nmethod 348 0x0000018f306c3d90 code [0x0000018f306c3fc0, 0x0000018f306c46e8]
Event: 0.777 Thread 0x0000018f4a038be0  347       3       java.lang.StringConcatHelper::prepend (37 bytes)

GC Heap History (0 events):
No events

Deoptimization events (0 events):
No events

Classes loaded (20 events):
Event: 0.772 Loading class sun/swing/SwingUtilities2 done
Event: 0.772 Loading class java/awt/font/FontRenderContext
Event: 0.772 Loading class java/awt/font/FontRenderContext done
Event: 0.772 Loading class sun/swing/StringUIClientPropertyKey
Event: 0.772 Loading class javax/swing/UIClientPropertyKey
Event: 0.772 Loading class javax/swing/UIClientPropertyKey done
Event: 0.772 Loading class sun/swing/StringUIClientPropertyKey done
Event: 0.772 Loading class sun/swing/SwingUtilities2$LSBCacheEntry
Event: 0.772 Loading class sun/swing/SwingUtilities2$LSBCacheEntry done
Event: 0.772 Loading class javax/swing/UIManager$LAFState
Event: 0.772 Loading class javax/swing/UIManager$LAFState done
Event: 0.772 Loading class javax/swing/UIDefaults
Event: 0.773 Loading class javax/swing/UIDefaults done
Event: 0.773 Loading class javax/swing/MultiUIDefaults
Event: 0.773 Loading class javax/swing/MultiUIDefaults done
Event: 0.773 Loading class sun/swing/SwingAccessor$UIDefaultsAccessor
Event: 0.773 Loading class sun/swing/SwingAccessor$UIDefaultsAccessor done
Event: 0.774 Loading class javax/swing/UIManager$1
Event: 0.774 Loading class javax/swing/UIManager$1 done
Event: 0.775 Loading class javax/swing/plaf/metal/MetalLookAndFeel

Classes unloaded (0 events):
No events

Classes redefined (0 events):
No events

Internal exceptions (5 events):
Event: 0.457 Thread 0x0000018f2b213d80 Exception <a 'java/lang/ClassNotFoundException'{0x00000000a7a741d8}: sun/awt/resources/spi/awtProvider> (0x00000000a7a741d8) 
thrown [s\src\hotspot\share\classfile\systemDictionary.cpp, line 255]
Event: 0.504 Thread 0x0000018f2b213d80 Exception <a 'java/io/FileNotFoundException'{0x00000000a7acb2d0}> (0x00000000a7acb2d0) 
thrown [s\src\hotspot\share\prims\jni.cpp, line 516]
Event: 0.517 Thread 0x0000018f2b213d80 Exception <a 'java/io/FileNotFoundException'{0x00000000a7af8598}> (0x00000000a7af8598) 
thrown [s\src\hotspot\share\prims\jni.cpp, line 516]
Event: 0.607 Thread 0x0000018f2b213d80 Exception <a 'java/lang/NoSuchMethodError'{0x00000000a7949890}: 'java.lang.Object java.lang.invoke.DirectMethodHandle$Holder.invokeStaticInit(java.lang.Object)'> (0x00000000a7949890) 
thrown [s\src\hotspot\share\interpreter\linkResolver.cpp, line 766]
Event: 0.773 Thread 0x0000018f2b213d80 Exception <a 'java/lang/NoSuchMethodError'{0x00000000a780a5a0}: 'void java.lang.invoke.DirectMethodHandle$Holder.invokeSpecial(java.lang.Object, java.lang.Object, java.lang.Object)'> (0x00000000a780a5a0) 
thrown [s\src\hotspot\share\interpreter\linkResolver.cpp, line 766]

VM Operations (0 events):
No events

Events (20 events):
Event: 0.175 Thread 0x0000018f2b213d80 Thread added: 0x0000018f2b213d80
Event: 0.190 Thread 0x0000018f457bc010 Thread added: 0x0000018f457bc010
Event: 0.191 Thread 0x0000018f457bdf00 Thread added: 0x0000018f457bdf00
Event: 0.245 Thread 0x0000018f4a027010 Thread added: 0x0000018f4a027010
Event: 0.245 Thread 0x0000018f4a0278c0 Thread added: 0x0000018f4a0278c0
Event: 0.246 Thread 0x0000018f4a028260 Thread added: 0x0000018f4a028260
Event: 0.246 Thread 0x0000018f4a02c100 Thread added: 0x0000018f4a02c100
Event: 0.246 Thread 0x0000018f4a02cdd0 Thread added: 0x0000018f4a02cdd0
Event: 0.246 Thread 0x0000018f4a038be0 Thread added: 0x0000018f4a038be0
Event: 0.246 Thread 0x0000018f4a041d90 Thread added: 0x0000018f4a041d90
Event: 0.305 Thread 0x0000018f4a1bbf40 Thread added: 0x0000018f4a1bbf40
Event: 0.317 Thread 0x0000018f4a1caab0 Thread added: 0x0000018f4a1caab0
Event: 0.397 Loaded shared library C:\Users\Dell\.p2\pool\plugins\org.eclipse.justj.openjdk.hotspot.jre.full.win32.x86_64_18.0.1.v20220515-1614\jre\bin\jimage.dll
Event: 0.423 Loaded shared library C:\Users\Dell\.p2\pool\plugins\org.eclipse.justj.openjdk.hotspot.jre.full.win32.x86_64_18.0.1.v20220515-1614\jre\bin\net.dll
Event: 0.427 Loaded shared library C:\Users\Dell\.p2\pool\plugins\org.eclipse.justj.openjdk.hotspot.jre.full.win32.x86_64_18.0.1.v20220515-1614\jre\bin\nio.dll
Event: 0.441 Loaded shared library C:\Users\Dell\.p2\pool\plugins\org.eclipse.justj.openjdk.hotspot.jre.full.win32.x86_64_18.0.1.v20220515-1614\jre\bin\zip.dll
Event: 0.480 Loaded shared library C:\Users\Dell\.p2\pool\plugins\org.eclipse.justj.openjdk.hotspot.jre.full.win32.x86_64_18.0.1.v20220515-1614\jre\bin\awt.dll
Event: 0.609 Thread 0x0000018f4a5cfe40 Thread added: 0x0000018f4a5cfe40
Event: 0.610 Thread 0x0000018f4a6126f0 Thread added: 0x0000018f4a6126f0
Event: 0.612 Thread 0x0000018f4a615670 Thread added: 0x0000018f4a615670


Dynamic libraries:
0x00007ff68aed0000 - 0x00007ff68aede000 	C:\Users\Dell\.p2\pool\plugins\org.eclipse.justj.openjdk.hotspot.jre.full.win32.x86_64_18.0.1.v20220515-1614\jre\bin\javaw.exe
0x00007fffee010000 - 0x00007fffee227000 	C:\WINDOWS\SYSTEM32\ntdll.dll
0x00007fffed2f0000 - 0x00007fffed3b4000 	C:\WINDOWS\System32\KERNEL32.DLL
0x00007fffeb7f0000 - 0x00007fffebb97000 	C:\WINDOWS\System32\KERNELBASE.dll
0x00007fffeb470000 - 0x00007fffeb581000 	C:\WINDOWS\System32\ucrtbase.dll
0x00007fffe66f0000 - 0x00007fffe6707000 	C:\Users\Dell\.p2\pool\plugins\org.eclipse.justj.openjdk.hotspot.jre.full.win32.x86_64_18.0.1.v20220515-1614\jre\bin\jli.dll
0x00007fffedb00000 - 0x00007fffedcae000 	C:\WINDOWS\System32\USER32.dll
0x00007fffe65e0000 - 0x00007fffe65f9000 	C:\Users\Dell\.p2\pool\plugins\org.eclipse.justj.openjdk.hotspot.jre.full.win32.x86_64_18.0.1.v20220515-1614\jre\bin\VCRUNTIME140.dll
0x00007fffebba0000 - 0x00007fffebbc6000 	C:\WINDOWS\System32\win32u.dll
0x00007fffed270000 - 0x00007fffed299000 	C:\WINDOWS\System32\GDI32.dll
0x00007fffeb6d0000 - 0x00007fffeb7e9000 	C:\WINDOWS\System32\gdi32full.dll
0x00007fffd8d50000 - 0x00007fffd8fe3000 	C:\WINDOWS\WinSxS\amd64_microsoft.windows.common-controls_6595b64144ccf1df_6.0.22621.3527_none_270e469b73872a76\COMCTL32.dll
0x00007fffeb330000 - 0x00007fffeb3ca000 	C:\WINDOWS\System32\msvcp_win.dll
0x00007fffeddb0000 - 0x00007fffede57000 	C:\WINDOWS\System32\msvcrt.dll
0x00007fffec120000 - 0x00007fffec151000 	C:\WINDOWS\System32\IMM32.DLL
0x00007fffe5bd0000 - 0x00007fffe5bdc000 	C:\Users\Dell\.p2\pool\plugins\org.eclipse.justj.openjdk.hotspot.jre.full.win32.x86_64_18.0.1.v20220515-1614\jre\bin\vcruntime140_1.dll
0x00007fffd9be0000 - 0x00007fffd9c71000 	C:\Users\Dell\.p2\pool\plugins\org.eclipse.justj.openjdk.hotspot.jre.full.win32.x86_64_18.0.1.v20220515-1614\jre\bin\msvcp140.dll
0x00007fffd8060000 - 0x00007fffd8ce9000 	C:\Users\Dell\.p2\pool\plugins\org.eclipse.justj.openjdk.hotspot.jre.full.win32.x86_64_18.0.1.v20220515-1614\jre\bin\server\jvm.dll
0x00007fffede60000 - 0x00007fffedf12000 	C:\WINDOWS\System32\ADVAPI32.dll
0x00007fffedf20000 - 0x00007fffedfc8000 	C:\WINDOWS\System32\sechost.dll
0x00007fffeb440000 - 0x00007fffeb468000 	C:\WINDOWS\System32\bcrypt.dll
0x00007fffebdd0000 - 0x00007fffebee5000 	C:\WINDOWS\System32\RPCRT4.dll
0x00007fffedaf0000 - 0x00007fffedaf8000 	C:\WINDOWS\System32\PSAPI.DLL
0x00007fffa0220000 - 0x00007fffa0229000 	C:\WINDOWS\SYSTEM32\WSOCK32.dll
0x00007fffe1e80000 - 0x00007fffe1e8a000 	C:\WINDOWS\SYSTEM32\VERSION.dll
0x00007fffe3af0000 - 0x00007fffe3b24000 	C:\WINDOWS\SYSTEM32\WINMM.dll
0x00007fffed460000 - 0x00007fffed4d1000 	C:\WINDOWS\System32\WS2_32.dll
0x00007fffea350000 - 0x00007fffea368000 	C:\WINDOWS\SYSTEM32\kernel.appcore.dll
0x00007fffe5bc0000 - 0x00007fffe5bca000 	C:\Users\Dell\.p2\pool\plugins\org.eclipse.justj.openjdk.hotspot.jre.full.win32.x86_64_18.0.1.v20220515-1614\jre\bin\jimage.dll
0x00007fffe2380000 - 0x00007fffe25b2000 	C:\WINDOWS\SYSTEM32\DBGHELP.DLL
0x00007fffecc60000 - 0x00007fffecfe8000 	C:\WINDOWS\System32\combase.dll
0x00007fffed4e0000 - 0x00007fffed5b7000 	C:\WINDOWS\System32\OLEAUT32.dll
0x00007fffd4d60000 - 0x00007fffd4d92000 	C:\WINDOWS\SYSTEM32\dbgcore.DLL
0x00007fffeb590000 - 0x00007fffeb609000 	C:\WINDOWS\System32\bcryptPrimitives.dll
0x00007fffd9bb0000 - 0x00007fffd9bd5000 	C:\Users\Dell\.p2\pool\plugins\org.eclipse.justj.openjdk.hotspot.jre.full.win32.x86_64_18.0.1.v20220515-1614\jre\bin\java.dll
0x00007fffd9b90000 - 0x00007fffd9ba8000 	C:\Users\Dell\.p2\pool\plugins\org.eclipse.justj.openjdk.hotspot.jre.full.win32.x86_64_18.0.1.v20220515-1614\jre\bin\zip.dll
0x00007fffec390000 - 0x00007fffecbec000 	C:\WINDOWS\System32\SHELL32.dll
0x00007fffe9270000 - 0x00007fffe9b66000 	C:\WINDOWS\SYSTEM32\windows.storage.dll
0x00007fffe9130000 - 0x00007fffe926e000 	C:\WINDOWS\SYSTEM32\wintypes.dll
0x00007fffedcb0000 - 0x00007fffedda5000 	C:\WINDOWS\System32\SHCORE.dll
0x00007fffebd40000 - 0x00007fffebd9e000 	C:\WINDOWS\System32\shlwapi.dll
0x00007fffeb260000 - 0x00007fffeb281000 	C:\WINDOWS\SYSTEM32\profapi.dll
0x00007fffd9b70000 - 0x00007fffd9b83000 	C:\Users\Dell\.p2\pool\plugins\org.eclipse.justj.openjdk.hotspot.jre.full.win32.x86_64_18.0.1.v20220515-1614\jre\bin\net.dll
0x00007fffe4310000 - 0x00007fffe4446000 	C:\WINDOWS\SYSTEM32\WINHTTP.dll
0x00007fffea7c0000 - 0x00007fffea829000 	C:\WINDOWS\system32\mswsock.dll
0x00007fffd9b50000 - 0x00007fffd9b66000 	C:\Users\Dell\.p2\pool\plugins\org.eclipse.justj.openjdk.hotspot.jre.full.win32.x86_64_18.0.1.v20220515-1614\jre\bin\nio.dll
0x00007fffd7cd0000 - 0x00007fffd7e5e000 	C:\Users\Dell\.p2\pool\plugins\org.eclipse.justj.openjdk.hotspot.jre.full.win32.x86_64_18.0.1.v20220515-1614\jre\bin\awt.dll
0x00007fffe87f0000 - 0x00007fffe8887000 	C:\WINDOWS\SYSTEM32\apphelp.dll
0x00007fffe8af0000 - 0x00007fffe8b1b000 	C:\WINDOWS\system32\DWMAPI.DLL
0x00007fffe88b0000 - 0x00007fffe895b000 	C:\WINDOWS\system32\uxtheme.dll
0x00007fff95ac0000 - 0x00007fff95bc0000 	C:\WINDOWS\system32\opengl32.dll
0x00007fff95610000 - 0x00007fff9563d000 	C:\WINDOWS\SYSTEM32\GLU32.dll
0x00007fffe8990000 - 0x00007fffe89c9000 	C:\WINDOWS\SYSTEM32\dxcore.dll
0x00007fffed110000 - 0x00007fffed263000 	C:\WINDOWS\System32\MSCTF.dll
0x00007fffec160000 - 0x00007fffec305000 	C:\WINDOWS\System32\ole32.dll
0x00007fff9fbd0000 - 0x00007fff9fd79000 	C:\WINDOWS\system32\d3d9.dll
0x00007fffe1e90000 - 0x00007fffe204b000 	C:\WINDOWS\System32\DriverStore\FileRepository\u0395576.inf_amd64_2949f08acf1f9e9e\B394313\aticfx64.dll
0x00007fffd8020000 - 0x00007fffd8054000 	C:\WINDOWS\System32\DriverStore\FileRepository\u0395576.inf_amd64_2949f08acf1f9e9e\B394313\atiu9p64.dll
0x00007fff7d1c0000 - 0x00007fff7df15000 	C:\WINDOWS\System32\DriverStore\FileRepository\u0395576.inf_amd64_2949f08acf1f9e9e\B394313\atiumd64.dll
0x000000005d2b0000 - 0x000000005e1c2000 	C:\WINDOWS\System32\DriverStore\FileRepository\u0395576.inf_amd64_2949f08acf1f9e9e\B394313\atiumd6a.dll
0x00007fffed5c0000 - 0x00007fffeda34000 	C:\WINDOWS\System32\SETUPAPI.dll
0x00007fffeb1f0000 - 0x00007fffeb23d000 	C:\WINDOWS\SYSTEM32\POWRPROF.dll
0x00007fffeb1d0000 - 0x00007fffeb1e3000 	C:\WINDOWS\SYSTEM32\UMPDC.dll
0x00007fffe1610000 - 0x00007fffe1645000 	C:\WINDOWS\SYSTEM32\amdihk64.dll
0x00007fffe6570000 - 0x00007fffe65ba000 	C:\WINDOWS\SYSTEM32\directxdatabasehelper.dll

dbghelp: loaded successfully - version: 4.0.5 - missing functions: none
symbol engine: initialized successfully - sym options: 0x614 - pdb path: .;C:\Users\Dell\.p2\pool\plugins\org.eclipse.justj.openjdk.hotspot.jre.full.win32.x86_64_18.0.1.v20220515-1614\jre\bin;C:\WINDOWS\SYSTEM32;C:\WINDOWS\WinSxS\amd64_microsoft.windows.common-controls_6595b64144ccf1df_6.0.22621.3527_none_270e469b73872a76;C:\Users\Dell\.p2\pool\plugins\org.eclipse.justj.openjdk.hotspot.jre.full.win32.x86_64_18.0.1.v20220515-1614\jre\bin\server;C:\WINDOWS\System32\DriverStore\FileRepository\u0395576.inf_amd64_2949f08acf1f9e9e\B394313

VM Arguments:
jvm_args: -Dfile.encoding=UTF-8 -XX:+ShowCodeDetailsInExceptionMessages 
java_command: com.prince.AddEmployee
java_class_path (initial): C:\Users\Dell\eclipse-workspace\HotelManagemet\bin;C:\Users\Dell\Downloads\mysql-connector-j-8.3.0\mysql-connector-j-8.3.0\mysql-connector-j-8.3.0.jar
Launcher Type: SUN_STANDARD

[Global flags]
     intx CICompilerCount                          = 4                                         {product} {ergonomic}
     uint ConcGCThreads                            = 2                                         {product} {ergonomic}
     uint G1ConcRefinementThreads                  = 8                                         {product} {ergonomic}
   size_t G1HeapRegionSize                         = 1048576                                   {product} {ergonomic}
    uintx GCDrainStackTargetSize                   = 64                                        {product} {ergonomic}
   size_t InitialHeapSize                          = 100663296                                 {product} {ergonomic}
   size_t MarkStackSize                            = 4194304                                   {product} {ergonomic}
   size_t MaxHeapSize                              = 1581252608                                {product} {ergonomic}
   size_t MaxNewSize                               = 947912704                                 {product} {ergonomic}
   size_t MinHeapDeltaBytes                        = 1048576                                   {product} {ergonomic}
   size_t MinHeapSize                              = 8388608                                   {product} {ergonomic}
    uintx NonNMethodCodeHeapSize                   = 5839372                                {pd product} {ergonomic}
    uintx NonProfiledCodeHeapSize                  = 122909434                              {pd product} {ergonomic}
    uintx ProfiledCodeHeapSize                     = 122909434                              {pd product} {ergonomic}
    uintx ReservedCodeCacheSize                    = 251658240                              {pd product} {ergonomic}
     bool SegmentedCodeCache                       = true                                      {product} {ergonomic}
     bool ShowCodeDetailsInExceptionMessages       = true                                   {manageable} {command line}
   size_t SoftMaxHeapSize                          = 1581252608                             {manageable} {ergonomic}
     bool UseCompressedClassPointers               = true                           {product lp64_product} {ergonomic}
     bool UseCompressedOops                        = true                           {product lp64_product} {ergonomic}
     bool UseG1GC                                  = true                                      {product} {ergonomic}
     bool UseLargePagesIndividualAllocation        = false                                  {pd product} {ergonomic}

Logging:
Log output configuration:
 #0: stdout all=warning uptime,level,tags foldmultilines=false
 #1: stderr all=off uptime,level,tags foldmultilines=false

Environment Variables:
PATH=C:/Users/Dell/.p2/pool/plugins/org.eclipse.justj.openjdk.hotspot.jre.full.win32.x86_64_18.0.2.v20220903-1139/jre/bin/server;C:/Users/Dell/.p2/pool/plugins/org.eclipse.justj.openjdk.hotspot.jre.full.win32.x86_64_18.0.2.v20220903-1139/jre/bin;C:\Program Files\MinGW\bin;C:\Program Files\Eclipse Foundation\jdk-11.0.12.7-hotspot\bin;C:\WINDOWS\system32;C:\WINDOWS;C:\WINDOWS\System32\Wbem;C:\WINDOWS\System32\WindowsPowerShell\v1.0\;C:\WINDOWS\System32\OpenSSH\;C:\Users\Dell\Desktop;C:\Users\Dell\AppData\Roaming\Microsoft\Windows\Start Menu\Programs\System Tools;C:\Program Files\dotnet\;C:\Program Files\MySQL\MySQL Shell 8.0\bin\;C:\Users\Dell\AppData\Local\Programs\Python\Python310\Scripts\;C:\Users\Dell\AppData\Local\Programs\Python\Python310\;C:\Users\Dell\AppData\Local\Microsoft\WindowsApps;C:\Users\Dell\AppData\Local\Programs\Microsoft VS Code\bin;C:\Users\Dell\AppData\Local\atom\bin;C:\Users\Dell\AppData\Local\Microsoft\WindowsApps;C:\MinGW\bin;C:\Users\Dell\AppData\Roaming\Microsoft\Windows\Start Menu\Programs\System Tools;;C:\WINDOWS\system32;
USERNAME=Dell
OS=Windows_NT
PROCESSOR_IDENTIFIER=AMD64 Family 23 Model 24 Stepping 1, AuthenticAMD



---------------  S Y S T E M  ---------------

OS:
 Windows 11 , 64 bit Build 22621 (10.0.22621.3527)
OS uptime: 0 days 5:01 hours

CPU: total 8 (initial active 8) (8 cores per cpu, 2 threads per core) family 23 model 24 stepping 1 microcode 0x0, cx8, cmov, fxsr, ht, mmx, 3dnowpref, sse, sse2, sse3, ssse3, sse4a, sse4.1, sse4.2, popcnt, lzcnt, tsc, tscinvbit, avx, avx2, aes, clmul, bmi1, bmi2, adx, sha, fma, vzeroupper, clflush, clflushopt

Memory: 4k page, system-wide physical 6030M (206M free)
TotalPageFile size 22452M (AvailPageFile size 0M)
current process WorkingSet (physical memory assigned to process): 55M, peak: 55M
current process commit charge ("private bytes"): 194M, peak: 194M

vm_info: OpenJDK 64-Bit Server VM (18.0.1+10) for windows-amd64 JRE (18.0.1+10), built on Apr 20 2022 05:04:48 by "" with MS VC++ 16.7 (VS2019)

END.
